<?xml version="1.0" encoding="UTF-8"?>
<!-- Generated by org.testng.reporters.JUnitReportReporter -->
<testsuite skipped="0" hostname="DESKTOP-1SM95TF" name="test.LoginTest" tests="2" failures="0" timestamp="06 Jul 2020 19:43:48 GMT" time="23.440" errors="0">
  <testcase name="validUserShouldBeAbleToLogin" time="15.140" classname="test.LoginTest"/>
  <testcase name="invalidUsersShouldNotBeAbleToLogin" time="8.300" classname="test.LoginTest"/>
</testsuite> <!-- test.LoginTest -->
