<?xml version="1.0" encoding="UTF-8"?>
<!-- Generated by org.testng.reporters.JUnitReportReporter -->
<testsuite skipped="0" hostname="DESKTOP-1SM95TF" name="test.LoginTest" tests="1" failures="0" timestamp="04 Jul 2020 15:32:53 GMT" time="8.223" errors="0">
  <testcase name="loginTest" time="8.223" classname="test.LoginTest"/>
</testsuite> <!-- test.LoginTest -->
